{"content": {"suites": {"0": {"status": {"total_pass": 0, "total_skip": 0, "total_xpass": 0, "total_xfail": 0, "total_rerun": 0, "total_fail": 2, "total_error": 0}, "tests": {"0": {"status": "FAIL", "message": "   selenium.common.exceptions.WebDriverException: Message: An unknown server-side error occurred while processing the command. Original error: 'opencv4nodejs' module is required to use OpenCV features. Please install it first ('npm i -g opencv4nodejs') and restart Appium. Read https://github.com/justadudewhohacks/opencv4nodejs#how-to-install for more details on this topic.\n", "test_name": "test_Tela_Garden", "rerun": "0"}, "1": {"status": "FAIL", "message": "   selenium.common.exceptions.WebDriverException: Message: An unknown server-side error occurred while processing the command. Original error: 'opencv4nodejs' module is required to use OpenCV features. Please install it first ('npm i -g opencv4nodejs') and restart Appium. Read https://github.com/justadudewhohacks/opencv4nodejs#how-to-install for more details on this topic.\n", "test_name": "test_Tela_Login", "rerun": "0"}}, "suite_name": "main.py"}}}, "date": "March 15, 2021", "start_time": 1615850292, "total_suite": 1, "status": "FAIL", "status_list": {"pass": "0", "fail": "2", "skip": "0", "error": "0", "xpass": "0", "xfail": "0", "rerun": "0"}, "total_tests": "2"}